<?xml version="1.0" encoding="UTF-8"?>
<!-- Generated by org.testng.reporters.JUnitXMLReporter -->
<testsuite ignored="0" hostname="Sahabs-Air" failures="0" tests="3" name="Default test" time="60.26" errors="0" timestamp="2024-11-09T09:30:10 GMT">
  <testcase classname="io.cucumber.testng.AbstractTestNGCucumberTests" name="runScenario" time="35.53"/>
  <testcase classname="seleniumUsingTestNG.SimpleTestUsingTestNG" name="firstTest" time="23.871"/>
  <testcase classname="seleniumUsingTestNG.SimpleTestUsingTestNG" name="testRandomString" time="0.007"/>
</testsuite> <!-- Default test -->
