<?xml version="1.0" encoding="UTF-8"?>
<!-- Generated by org.testng.reporters.JUnitXMLReporter -->
<testsuite ignored="0" hostname="Sahabs-Air" failures="0" tests="3" name="Test" time="80.844" errors="0" timestamp="2024-11-09T09:18:18 GMT">
  <testcase classname="io.cucumber.testng.AbstractTestNGCucumberTests" name="runScenario" time="75.481"/>
  <testcase classname="seleniumUsingTestNG.SimpleTestUsingTestNG" name="firstTest" time="80.733"/>
  <testcase classname="seleniumUsingTestNG.SimpleTestUsingTestNG" name="testRandomString" time="0.007"/>
</testsuite> <!-- Test -->
