<?xml version="1.0" encoding="UTF-8"?>
<!-- Generated by org.testng.reporters.JUnitXMLReporter -->
<testsuite ignored="0" hostname="Sahabs-Air" failures="0" tests="3" name="Test" time="66.024" errors="0" timestamp="2024-11-11T08:15:49 GMT">
  <testcase classname="seleniumUsingTestNG.SimpleTestUsingTestNG" name="firstTest" time="63.374"/>
  <testcase classname="seleniumUsingTestNG.SimpleTestUsingTestNG" name="testRandomString" time="0.006"/>
  <testcase classname="io.cucumber.testng.AbstractTestNGCucumberTests" name="runScenario" time="64.877"/>
</testsuite> <!-- Test -->
