<?xml version="1.0" encoding="UTF-8"?>
<testng-results ignored="0" total="3" passed="3" failed="0" skipped="0">
  <reporter-output>
  </reporter-output>
  <suite started-at="2024-11-11T08:14:42 GMT" name="Suite" finished-at="2024-11-11T08:15:49 GMT" duration-ms="66024">
    <groups>
      <group name="cucumber">
        <method signature="AbstractTestNGCucumberTests.runScenario(io.cucumber.testng.PickleWrapper,io.cucumber.testng.FeatureWrapper)[pri:0, instance:testRunner.TestNGRunner@771a660]" name="runScenario" class="io.cucumber.testng.AbstractTestNGCucumberTests"/>
      </group> <!-- cucumber -->
      <group name="sanity">
        <method signature="SimpleTestUsingTestNG.firstTest()[pri:1, instance:seleniumUsingTestNG.SimpleTestUsingTestNG@53ce1329]" name="firstTest" class="seleniumUsingTestNG.SimpleTestUsingTestNG"/>
        <method signature="SimpleTestUsingTestNG.testRandomString()[pri:2, instance:seleniumUsingTestNG.SimpleTestUsingTestNG@53ce1329]" name="testRandomString" class="seleniumUsingTestNG.SimpleTestUsingTestNG"/>
      </group> <!-- sanity -->
      <group name="sanityTest">
        <method signature="SimpleTestUsingTestNG.firstTest()[pri:1, instance:seleniumUsingTestNG.SimpleTestUsingTestNG@53ce1329]" name="firstTest" class="seleniumUsingTestNG.SimpleTestUsingTestNG"/>
      </group> <!-- sanityTest -->
    </groups>
    <test started-at="2024-11-11T08:14:42 GMT" name="Test" finished-at="2024-11-11T08:15:49 GMT" duration-ms="66024">
      <class name="testRunner.TestNGRunner">
        <test-method is-config="true" signature="setUpClass(org.testng.ITestContext)[pri:0, instance:testRunner.TestNGRunner@771a660]" started-at="2024-11-11T08:14:43 GMT" name="setUpClass" finished-at="2024-11-11T08:14:43 GMT" duration-ms="859" status="PASS">
          <params>
            <param index="0">
              <value>
                <![CDATA[org.testng.TestRunner@415b0b49]]>
              </value>
            </param>
          </params>
          <reporter-output>
          </reporter-output>
        </test-method> <!-- setUpClass -->
        <test-method signature="runScenario(io.cucumber.testng.PickleWrapper,io.cucumber.testng.FeatureWrapper)[pri:0, instance:testRunner.TestNGRunner@771a660]" started-at="2024-11-11T08:14:43 GMT" name="runScenario" description="Runs Cucumber Scenarios" data-provider="scenarios" finished-at="2024-11-11T08:15:48 GMT" duration-ms="64877" status="PASS">
          <params>
            <param index="0">
              <value>
                <![CDATA["Validate google search is working"]]>
              </value>
            </param>
            <param index="1">
              <value>
                <![CDATA["Feature to google search"]]>
              </value>
            </param>
          </params>
          <reporter-output>
          </reporter-output>
        </test-method> <!-- runScenario -->
        <test-method is-config="true" signature="tearDownClass()[pri:0, instance:testRunner.TestNGRunner@771a660]" started-at="2024-11-11T08:15:48 GMT" name="tearDownClass" finished-at="2024-11-11T08:15:49 GMT" duration-ms="248" status="PASS">
          <reporter-output>
          </reporter-output>
        </test-method> <!-- tearDownClass -->
      </class> <!-- testRunner.TestNGRunner -->
      <class name="seleniumUsingTestNG.SimpleTestUsingTestNG">
        <test-method signature="firstTest()[pri:1, instance:seleniumUsingTestNG.SimpleTestUsingTestNG@53ce1329]" started-at="2024-11-11T08:14:43 GMT" name="firstTest" finished-at="2024-11-11T08:15:46 GMT" duration-ms="63374" status="PASS">
          <reporter-output>
          </reporter-output>
        </test-method> <!-- firstTest -->
        <test-method signature="testRandomString()[pri:2, instance:seleniumUsingTestNG.SimpleTestUsingTestNG@53ce1329]" started-at="2024-11-11T08:15:46 GMT" name="testRandomString" finished-at="2024-11-11T08:15:46 GMT" depends-on-methods="seleniumUsingTestNG.SimpleTestUsingTestNG.firstTest" duration-ms="6" status="PASS">
          <reporter-output>
          </reporter-output>
        </test-method> <!-- testRandomString -->
      </class> <!-- seleniumUsingTestNG.SimpleTestUsingTestNG -->
    </test> <!-- Test -->
  </suite> <!-- Suite -->
</testng-results>
