<?xml version="1.0" encoding="UTF-8"?>
<testsuite xmlns:xsi="http://www.w3.org/2001/XMLSchema-instance" xsi:noNamespaceSchemaLocation="https://maven.apache.org/surefire/maven-surefire-plugin/xsd/surefire-test-report.xsd" version="3.0.2" name="TestSuite" time="81.499" tests="3" errors="0" skipped="0" failures="0">
  <properties>
[...]
</properties>
  <testcase name="runScenario[&quot;Validate google search is working&quot;, &quot;Feature to google search&quot;](1)" classname="testRunner.TestNGRunner" time="75.494">
    <system-out><![CDATA[Sahab first testng test is running ...

@tag0 @tag3
Scenario: Validate google search is working                                        # src/test/resources/Features/googleSearch.feature:26
Inside the Browser open step
  Given browser is open                                                            # StepDefinitions.GoogleSearchSteps.browser_is_open()
  When user enters the url "https://www.google.com"                                # StepDefinitions.GoogleSearchSteps.user_is_on_google_search_page(java.lang.String)
  And user enters a text "What is GenAI" in seach box                              # StepDefinitions.GoogleSearchSteps.user_enters_a_text_in_seach_box(java.lang.String)
  And hits enter                                                                   # StepDefinitions.GoogleSearchSteps.hits_enter()
Closing the browser
Closing the browser
  Then user can search the text "Artificial Intelligence" in searched results page # StepDefinitions.GoogleSearchSteps.user_is_navigated_to_searched_results_page(java.lang.String)
]]></system-out>
    <system-err><![CDATA[SLF4J: Failed to load class "org.slf4j.impl.StaticLoggerBinder".
SLF4J: Defaulting to no-operation (NOP) logger implementation
SLF4J: See http://www.slf4j.org/codes.html#StaticLoggerBinder for further details.
Nov 09, 2024 9:17:04 AM org.openqa.selenium.devtools.CdpVersionFinder findNearestMatch
WARNING: Unable to find an exact match for CDP version 130, returning the closest version; found: 129; Please update to a Selenium version that supports CDP version 130
Nov 09, 2024 9:17:04 AM org.openqa.selenium.devtools.CdpVersionFinder findNearestMatch
WARNING: Unable to find an exact match for CDP version 130, returning the closest version; found: 129; Please update to a Selenium version that supports CDP version 130
]]></system-err>
  </testcase>
  <testcase name="firstTest" classname="seleniumUsingTestNG.SimpleTestUsingTestNG" time="79.451">
    <system-out><![CDATA[Title is :Power Your Software Testing with AI and Cloud | LambdaTest
]]></system-out>
  </testcase>
  <testcase name="testRandomString" classname="seleniumUsingTestNG.SimpleTestUsingTestNG" time="0.009">
    <system-out><![CDATA[Random string:eEXHN
]]></system-out>
  </testcase>
</testsuite>