<?xml version="1.0" encoding="UTF-8"?>
<testng-results ignored="0" total="3" passed="3" failed="0" skipped="0">
  <reporter-output>
  </reporter-output>
  <suite started-at="2024-11-09T09:29:09 GMT" name="Default suite" finished-at="2024-11-09T09:30:09 GMT" duration-ms="60260">
    <groups>
      <group name="cucumber">
        <method signature="AbstractTestNGCucumberTests.runScenario(io.cucumber.testng.PickleWrapper,io.cucumber.testng.FeatureWrapper)[pri:0, instance:testRunner.TestNGRunner@7b205dbd]" name="runScenario" class="io.cucumber.testng.AbstractTestNGCucumberTests"/>
      </group> <!-- cucumber -->
      <group name="sanity">
        <method signature="SimpleTestUsingTestNG.firstTest()[pri:1, instance:seleniumUsingTestNG.SimpleTestUsingTestNG@27216cd]" name="firstTest" class="seleniumUsingTestNG.SimpleTestUsingTestNG"/>
        <method signature="SimpleTestUsingTestNG.testRandomString()[pri:2, instance:seleniumUsingTestNG.SimpleTestUsingTestNG@27216cd]" name="testRandomString" class="seleniumUsingTestNG.SimpleTestUsingTestNG"/>
      </group> <!-- sanity -->
      <group name="sanityTest">
        <method signature="SimpleTestUsingTestNG.firstTest()[pri:1, instance:seleniumUsingTestNG.SimpleTestUsingTestNG@27216cd]" name="firstTest" class="seleniumUsingTestNG.SimpleTestUsingTestNG"/>
      </group> <!-- sanityTest -->
    </groups>
    <test started-at="2024-11-09T09:29:09 GMT" name="Default test" finished-at="2024-11-09T09:30:09 GMT" duration-ms="60260">
      <class name="testRunner.TestNGRunner">
        <test-method is-config="true" signature="setUpClass(org.testng.ITestContext)[pri:0, instance:testRunner.TestNGRunner@7b205dbd]" started-at="2024-11-09T09:29:09 GMT" name="setUpClass" finished-at="2024-11-09T09:29:10 GMT" duration-ms="610" status="PASS">
          <params>
            <param index="0">
              <value>
                <![CDATA[org.testng.TestRunner@1d247525]]>
              </value>
            </param>
          </params>
          <reporter-output>
          </reporter-output>
        </test-method> <!-- setUpClass -->
        <test-method signature="runScenario(io.cucumber.testng.PickleWrapper,io.cucumber.testng.FeatureWrapper)[pri:0, instance:testRunner.TestNGRunner@7b205dbd]" started-at="2024-11-09T09:29:10 GMT" name="runScenario" description="Runs Cucumber Scenarios" data-provider="scenarios" finished-at="2024-11-09T09:29:45 GMT" duration-ms="35530" status="PASS">
          <params>
            <param index="0">
              <value>
                <![CDATA["Validate google search is working"]]>
              </value>
            </param>
            <param index="1">
              <value>
                <![CDATA["Feature to google search"]]>
              </value>
            </param>
          </params>
          <reporter-output>
          </reporter-output>
        </test-method> <!-- runScenario -->
        <test-method is-config="true" signature="tearDownClass()[pri:0, instance:testRunner.TestNGRunner@7b205dbd]" started-at="2024-11-09T09:29:45 GMT" name="tearDownClass" finished-at="2024-11-09T09:29:46 GMT" duration-ms="166" status="PASS">
          <reporter-output>
          </reporter-output>
        </test-method> <!-- tearDownClass -->
      </class> <!-- testRunner.TestNGRunner -->
      <class name="seleniumUsingTestNG.SimpleTestUsingTestNG">
        <test-method signature="firstTest()[pri:1, instance:seleniumUsingTestNG.SimpleTestUsingTestNG@27216cd]" started-at="2024-11-09T09:29:46 GMT" name="firstTest" finished-at="2024-11-09T09:30:09 GMT" duration-ms="23871" status="PASS">
          <reporter-output>
          </reporter-output>
        </test-method> <!-- firstTest -->
        <test-method signature="testRandomString()[pri:2, instance:seleniumUsingTestNG.SimpleTestUsingTestNG@27216cd]" started-at="2024-11-09T09:30:09 GMT" name="testRandomString" finished-at="2024-11-09T09:30:09 GMT" depends-on-methods="seleniumUsingTestNG.SimpleTestUsingTestNG.firstTest" duration-ms="7" status="PASS">
          <reporter-output>
          </reporter-output>
        </test-method> <!-- testRandomString -->
      </class> <!-- seleniumUsingTestNG.SimpleTestUsingTestNG -->
    </test> <!-- Default test -->
  </suite> <!-- Default suite -->
</testng-results>
